{
  "RSpec": {
    "coverage": {
      "/home/adk/rails-studios/document_template_app/app/controllers/companies_controller.rb": {
        "lines": [
          1,
          1,
          1,
          null,
          1,
          null,
          1,
          null,
          5,
          null,
          null,
          null,
          5,
          5,
          null,
          null,
          1,
          null,
          5,
          null,
          null,
          null,
          null,
          null,
          1,
          null,
          4,
          null,
          null,
          null,
          null,
          4,
          null,
          null,
          1,
          6,
          null,
          6,
          3,
          null,
          3,
          null,
          null,
          null,
          1,
          null,
          1,
          null,
          null,
          null,
          null,
          null,
          null,
          1,
          4,
          3,
          null,
          1,
          null,
          null,
          null,
          1,
          2,
          2,
          null,
          null,
          1,
          null,
          1,
          13,
          null,
          null,
          1,
          12,
          null,
          null,
          1,
          16,
          null,
          null
        ]
      },
      "/home/adk/rails-studios/document_template_app/app/controllers/application_controller.rb": {
        "lines": [
          1,
          null,
          1,
          1,
          1,
          null,
          1,
          null,
          null,
          null,
          1,
          null,
          1,
          2,
          4,
          2,
          2,
          null,
          null,
          null
        ]
      },
      "/home/adk/rails-studios/document_template_app/lib/application_responder.rb": {
        "lines": [
          1,
          1,
          1,
          null,
          null,
          null,
          null,
          null,
          null,
          1,
          1,
          null
        ]
      },
      "/home/adk/rails-studios/document_template_app/app/controllers/concerns/localization.rb": {
        "lines": [
          null,
          null,
          1,
          1,
          null,
          null,
          1,
          1,
          null,
          1,
          null,
          1,
          101,
          101,
          101,
          null,
          null,
          null,
          1,
          101,
          null,
          101,
          null,
          null,
          1,
          82,
          null,
          82,
          null,
          0,
          null,
          0,
          null,
          0,
          null,
          0,
          null,
          null,
          1,
          null,
          0,
          0,
          0,
          0,
          null,
          0,
          null,
          0,
          null,
          null,
          null,
          null,
          1,
          0,
          0,
          null,
          null,
          1,
          0,
          null,
          null,
          1,
          586,
          null,
          null,
          null,
          null
        ]
      },
      "/home/adk/rails-studios/document_template_app/app/controllers/concerns/error_handling.rb": {
        "lines": [
          1,
          1,
          null,
          1,
          1,
          null,
          1,
          null,
          1,
          0,
          0,
          null,
          null,
          null
        ]
      },
      "/home/adk/rails-studios/document_template_app/app/controllers/documents_controller.rb": {
        "lines": [
          1,
          1,
          1,
          1,
          1,
          1,
          null,
          1,
          null,
          1,
          null,
          1,
          1,
          1,
          1,
          1,
          0,
          0,
          null,
          null,
          1,
          null,
          null,
          null,
          null,
          null,
          null,
          null,
          null,
          1,
          1,
          null,
          0,
          null,
          null,
          0,
          null,
          null,
          null,
          1,
          null,
          3,
          null,
          null,
          null,
          null,
          null,
          null,
          null,
          3,
          3,
          null,
          null,
          1,
          2,
          2,
          null,
          null,
          2,
          null,
          null,
          null,
          null,
          null,
          null,
          null,
          null,
          null,
          1,
          null,
          1,
          null,
          null,
          null,
          null,
          null,
          null,
          null,
          null,
          1,
          null,
          null,
          1,
          3,
          3,
          3,
          null,
          3,
          null,
          2,
          null,
          null,
          null,
          null,
          null,
          null,
          null,
          2,
          null,
          null,
          1,
          null,
          null,
          null,
          null,
          null,
          null,
          null,
          1,
          null,
          null,
          null,
          1,
          null,
          3,
          null,
          null,
          null,
          null,
          null,
          null,
          null,
          null,
          null,
          null,
          1,
          4,
          null,
          3,
          null,
          null,
          null,
          null,
          null,
          null,
          null,
          3,
          null,
          null,
          1,
          null,
          null,
          null,
          null,
          null,
          null,
          null,
          1,
          null,
          null,
          null,
          1,
          2,
          2,
          null,
          null,
          1,
          1,
          null,
          1,
          1,
          null,
          1,
          1,
          null,
          null,
          null,
          null,
          null,
          0,
          null,
          null,
          null,
          null,
          null,
          null,
          1,
          null,
          1,
          1,
          null,
          null,
          1,
          12,
          null,
          null,
          1,
          22,
          null,
          null,
          1,
          22,
          null,
          null,
          1,
          12,
          1,
          null,
          null,
          null,
          1,
          10,
          null,
          null
        ]
      },
      "/home/adk/rails-studios/document_template_app/app/controllers/homes_controller.rb": {
        "lines": [
          1,
          1,
          10,
          10,
          null,
          null,
          null,
          10,
          null,
          null,
          null,
          null,
          null,
          null,
          10,
          null,
          null,
          10,
          null,
          null,
          null
        ]
      },
      "/home/adk/rails-studios/document_template_app/app/controllers/memberships_controller.rb": {
        "lines": [
          1,
          1,
          1,
          1,
          null,
          1,
          null,
          1,
          4,
          4,
          null,
          4,
          2,
          null,
          2,
          null,
          null,
          null,
          1,
          2,
          2,
          null,
          null,
          1,
          0,
          0,
          0,
          0,
          0,
          null,
          0,
          null,
          null,
          null,
          1,
          null,
          1,
          6,
          null,
          null,
          1,
          2,
          null,
          null,
          1,
          6,
          null,
          null
        ]
      },
      "/home/adk/rails-studios/document_template_app/app/controllers/projects_controller.rb": {
        "lines": [
          1,
          1,
          1,
          null,
          1,
          null,
          1,
          null,
          1,
          null,
          null,
          null,
          null,
          null,
          1,
          null,
          null,
          1,
          null,
          0,
          null,
          null,
          null,
          null,
          null,
          null,
          null,
          1,
          null,
          0,
          null,
          null,
          null,
          null,
          null,
          null,
          0,
          null,
          null,
          1,
          1,
          1,
          1,
          null,
          0,
          null,
          null,
          null,
          1,
          null,
          0,
          null,
          null,
          null,
          null,
          null,
          null,
          null,
          null,
          1,
          0,
          0,
          null,
          0,
          null,
          null,
          null,
          1,
          0,
          0,
          null,
          null,
          1,
          0,
          null,
          null,
          null,
          null,
          null,
          null,
          null,
          0,
          0,
          null,
          0,
          null,
          null,
          null,
          1,
          null,
          1,
          2,
          null,
          null,
          1,
          0,
          null,
          null,
          1,
          2,
          null,
          null
        ]
      },
      "/home/adk/rails-studios/document_template_app/app/controllers/templates_controller.rb": {
        "lines": [
          1,
          1,
          null,
          1,
          null,
          1,
          null,
          1,
          null,
          3,
          null,
          null,
          null,
          3,
          null,
          null,
          1,
          null,
          3,
          null,
          null,
          null,
          null,
          null,
          1,
          null,
          1,
          null,
          null,
          null,
          null,
          1,
          null,
          null,
          1,
          null,
          4,
          null,
          null,
          null,
          null,
          null,
          null,
          1,
          4,
          null,
          4,
          2,
          null,
          2,
          null,
          null,
          null,
          1,
          5,
          3,
          null,
          2,
          null,
          null,
          null,
          1,
          2,
          2,
          null,
          null,
          1,
          0,
          null,
          0,
          0,
          null,
          0,
          0,
          null,
          null,
          null,
          null,
          null,
          0,
          null,
          null,
          null,
          null,
          null,
          null,
          1,
          1,
          null,
          null,
          null,
          null,
          null,
          1,
          1,
          null,
          0,
          null,
          null,
          null,
          1,
          1,
          14,
          null,
          null,
          1,
          13,
          null,
          null
        ]
      },
      "/home/adk/rails-studios/document_template_app/app/models/company.rb": {
        "lines": [
          1,
          1,
          1,
          1,
          1,
          null,
          189,
          null,
          1,
          null,
          1,
          1,
          null,
          null
        ]
      },
      "/home/adk/rails-studios/document_template_app/app/models/document_image.rb": {
        "lines": [
          1,
          1,
          null,
          1,
          null
        ]
      },
      "/home/adk/rails-studios/document_template_app/app/models/document.rb": {
        "lines": [
          1,
          1,
          1,
          1,
          1,
          null,
          1,
          1,
          null,
          1,
          null,
          1,
          null,
          1,
          0,
          null,
          null
        ]
      },
      "/home/adk/rails-studios/document_template_app/app/models/membership.rb": {
        "lines": [
          1,
          1,
          null,
          1,
          1,
          null,
          1,
          1,
          null,
          null
        ]
      },
      "/home/adk/rails-studios/document_template_app/app/models/project.rb": {
        "lines": [
          1,
          1,
          null,
          1,
          null,
          1,
          null
        ]
      },
      "/home/adk/rails-studios/document_template_app/app/models/template_image.rb": {
        "lines": [
          1,
          1,
          null,
          1,
          null
        ]
      },
      "/home/adk/rails-studios/document_template_app/app/models/template.rb": {
        "lines": [
          1,
          121,
          null,
          1,
          null,
          1,
          1,
          null,
          1,
          null
        ]
      },
      "/home/adk/rails-studios/document_template_app/app/models/ability.rb": {
        "lines": [
          1,
          1,
          null,
          1,
          80,
          null,
          80,
          71,
          null,
          9,
          null,
          0,
          null,
          null,
          0,
          null,
          null,
          0,
          null,
          0,
          null,
          0,
          0,
          0,
          null,
          0,
          0,
          null,
          null,
          null,
          9,
          null,
          9,
          9,
          9,
          9,
          null,
          null,
          null,
          null
        ]
      },
      "/home/adk/rails-studios/document_template_app/app/channels/application_cable/channel.rb": {
        "lines": [
          0,
          0,
          0,
          0
        ],
        "branches": {
        }
      },
      "/home/adk/rails-studios/document_template_app/app/channels/application_cable/connection.rb": {
        "lines": [
          0,
          0,
          0,
          0
        ],
        "branches": {
        }
      },
      "/home/adk/rails-studios/document_template_app/app/controllers/registrations_controller.rb": {
        "lines": [
          0,
          0,
          0,
          0,
          null,
          0,
          0,
          0,
          0,
          0,
          0,
          0,
          0,
          0,
          0,
          0,
          null,
          0,
          null,
          0,
          0,
          0,
          0
        ],
        "branches": {
        }
      },
      "/home/adk/rails-studios/document_template_app/app/helpers/application_helper.rb": {
        "lines": [
          0,
          0,
          0,
          0,
          0,
          null,
          0,
          0,
          0,
          0,
          0,
          0,
          0,
          0,
          0,
          0,
          0,
          0,
          0,
          0,
          null,
          0,
          0,
          0,
          null,
          0,
          0,
          0,
          0,
          0,
          0,
          0,
          0,
          0
        ],
        "branches": {
        }
      },
      "/home/adk/rails-studios/document_template_app/app/helpers/breadcrumbs_helper.rb": {
        "lines": [
          0,
          0,
          0,
          0,
          0,
          0,
          0,
          0,
          null,
          0,
          null,
          0,
          0,
          0,
          0,
          0,
          0,
          0,
          0,
          0,
          0
        ],
        "branches": {
        }
      },
      "/home/adk/rails-studios/document_template_app/app/helpers/documents_helper.rb": {
        "lines": [
          0,
          0
        ],
        "branches": {
        }
      },
      "/home/adk/rails-studios/document_template_app/app/helpers/homes_helper.rb": {
        "lines": [
          0,
          0
        ],
        "branches": {
        }
      },
      "/home/adk/rails-studios/document_template_app/app/helpers/memberships_helper.rb": {
        "lines": [
          0,
          0
        ],
        "branches": {
        }
      },
      "/home/adk/rails-studios/document_template_app/app/helpers/projects_helper.rb": {
        "lines": [
          0,
          0
        ],
        "branches": {
        }
      },
      "/home/adk/rails-studios/document_template_app/app/helpers/templates_helper.rb": {
        "lines": [
          0,
          0
        ],
        "branches": {
        }
      },
      "/home/adk/rails-studios/document_template_app/app/indices/template_index.rb": {
        "lines": [
          0,
          0,
          null,
          0,
          0
        ],
        "branches": {
        }
      },
      "/home/adk/rails-studios/document_template_app/app/jobs/application_job.rb": {
        "lines": [
          0,
          null,
          null,
          null,
          null,
          null,
          0
        ],
        "branches": {
        }
      },
      "/home/adk/rails-studios/document_template_app/app/mailers/application_mailer.rb": {
        "lines": [
          0,
          0,
          0,
          0
        ],
        "branches": {
        }
      },
      "/home/adk/rails-studios/document_template_app/app/models/application_record.rb": {
        "lines": [
          0,
          0,
          0
        ],
        "branches": {
        }
      },
      "/home/adk/rails-studios/document_template_app/app/models/user.rb": {
        "lines": [
          0,
          0,
          null,
          0,
          null,
          0,
          0,
          0,
          0,
          null,
          0,
          null,
          0,
          0,
          0,
          0
        ],
        "branches": {
        }
      }
    },
    "timestamp": 1743512141
  }
}
